fruitcam/app/build/intermediates/manifest_merge_blame_file/debug/processDebugMainManifest/manifest-merger-blame-debug-report.txt
1<?xml version="1.0" encoding="utf-8"?>
2<manifest xmlns:android="http://schemas.android.com/apk/res/android"
3    package="com.example.fruitcam"
4    android:versionCode="1"
5    android:versionName="1.0" >
6
7    <uses-sdk
8        android:minSdkVersion="24"
9        android:targetSdkVersion="35" />
10
11    <uses-feature
11-->src/main/AndroidManifest.xml:5:5-84
12        android:name="android.hardware.camera"
12-->src/main/AndroidManifest.xml:5:19-57
13        android:required="true" />
13-->src/main/AndroidManifest.xml:5:58-81
14
15    <uses-permission android:name="android.permission.CAMERA" />
15-->src/main/AndroidManifest.xml:6:5-65
15-->src/main/AndroidManifest.xml:6:22-62
16
17    <queries>
17-->[androidx.camera:camera-extensions:1.5.0-alpha06] AndroidManifest.xml:22:5-26:15
18        <intent>
18-->[androidx.camera:camera-extensions:1.5.0-alpha06] AndroidManifest.xml:23:9-25:18
19            <action android:name="androidx.camera.extensions.action.VENDOR_ACTION" />
19-->[androidx.camera:camera-extensions:1.5.0-alpha06] AndroidManifest.xml:24:13-86
19-->[androidx.camera:camera-extensions:1.5.0-alpha06] AndroidManifest.xml:24:21-83
20        </intent>
21    </queries>
22
23    <permission
23-->[androidx.core:core:1.13.1] AndroidManifest.xml:22:5-24:47
24        android:name="com.example.fruitcam.DYNAMIC_RECEIVER_NOT_EXPORTED_PERMISSION"
24-->[androidx.core:core:1.13.1] AndroidManifest.xml:23:9-81
25        android:protectionLevel="signature" />
25-->[androidx.core:core:1.13.1] AndroidManifest.xml:24:9-44
26
27    <uses-permission android:name="com.example.fruitcam.DYNAMIC_RECEIVER_NOT_EXPORTED_PERMISSION" />
27-->[androidx.core:core:1.13.1] AndroidManifest.xml:26:5-97
27-->[androidx.core:core:1.13.1] AndroidManifest.xml:26:22-94
28
29    <application
29-->src/main/AndroidManifest.xml:8:5-29:19
30        android:allowBackup="true"
30-->src/main/AndroidManifest.xml:9:9-35
31        android:appComponentFactory="androidx.core.app.CoreComponentFactory"
31-->[androidx.core:core:1.13.1] AndroidManifest.xml:28:18-86
32        android:dataExtractionRules="@xml/data_extraction_rules"
32-->src/main/AndroidManifest.xml:10:9-65
33        android:debuggable="true"
34        android:extractNativeLibs="false"
35        android:fullBackupContent="@xml/backup_rules"
35-->src/main/AndroidManifest.xml:11:9-54
36        android:icon="@mipmap/ic_launcher"
36-->src/main/AndroidManifest.xml:12:9-43
37        android:label="@string/app_name"
37-->src/main/AndroidManifest.xml:13:9-41
38        android:roundIcon="@mipmap/ic_launcher_round"
38-->src/main/AndroidManifest.xml:14:9-54
39        android:supportsRtl="true"
39-->src/main/AndroidManifest.xml:15:9-35
40        android:testOnly="true"
41        android:theme="@style/Theme.FruitCam" >
41-->src/main/AndroidManifest.xml:16:9-46
42        <activity
42-->src/main/AndroidManifest.xml:18:9-28:20
43            android:name="com.example.fruitcam.MainActivity"
43-->src/main/AndroidManifest.xml:19:13-41
44            android:exported="true"
44-->src/main/AndroidManifest.xml:20:13-36
45            android:label="@string/app_name"
45-->src/main/AndroidManifest.xml:21:13-45
46            android:theme="@style/Theme.FruitCam" >
46-->src/main/AndroidManifest.xml:22:13-50
47            <intent-filter>
47-->src/main/AndroidManifest.xml:23:13-27:29
48                <action android:name="android.intent.action.MAIN" />
48-->src/main/AndroidManifest.xml:24:17-69
48-->src/main/AndroidManifest.xml:24:25-66
49
50                <category android:name="android.intent.category.LAUNCHER" />
50-->src/main/AndroidManifest.xml:26:17-77
50-->src/main/AndroidManifest.xml:26:27-74
51            </intent-filter>
52        </activity>
53
54        <uses-library
54-->[androidx.camera:camera-extensions:1.5.0-alpha06] AndroidManifest.xml:29:9-31:40
55            android:name="androidx.camera.extensions.impl"
55-->[androidx.camera:camera-extensions:1.5.0-alpha06] AndroidManifest.xml:30:13-59
56            android:required="false" />
56-->[androidx.camera:camera-extensions:1.5.0-alpha06] AndroidManifest.xml:31:13-37
57
58        <service
58-->[androidx.camera:camera-camera2:1.5.0-alpha06] AndroidManifest.xml:24:9-33:19
59            android:name="androidx.camera.core.impl.MetadataHolderService"
59-->[androidx.camera:camera-camera2:1.5.0-alpha06] AndroidManifest.xml:25:13-75
60            android:enabled="false"
60-->[androidx.camera:camera-camera2:1.5.0-alpha06] AndroidManifest.xml:26:13-36
61            android:exported="false" >
61-->[androidx.camera:camera-camera2:1.5.0-alpha06] AndroidManifest.xml:27:13-37
62            <meta-data
62-->[androidx.camera:camera-camera2:1.5.0-alpha06] AndroidManifest.xml:30:13-32:89
63                android:name="androidx.camera.core.impl.MetadataHolderService.DEFAULT_CONFIG_PROVIDER"
63-->[androidx.camera:camera-camera2:1.5.0-alpha06] AndroidManifest.xml:31:17-103
64                android:value="androidx.camera.camera2.Camera2Config$DefaultProvider" />
64-->[androidx.camera:camera-camera2:1.5.0-alpha06] AndroidManifest.xml:32:17-86
65        </service>
66
67        <activity
67-->[androidx.compose.ui:ui-tooling-android:1.7.0] AndroidManifest.xml:23:9-25:39
68            android:name="androidx.compose.ui.tooling.PreviewActivity"
68-->[androidx.compose.ui:ui-tooling-android:1.7.0] AndroidManifest.xml:24:13-71
69            android:exported="true" />
69-->[androidx.compose.ui:ui-tooling-android:1.7.0] AndroidManifest.xml:25:13-36
70        <activity
70-->[androidx.compose.ui:ui-test-manifest:1.7.0] AndroidManifest.xml:23:9-25:39
71            android:name="androidx.activity.ComponentActivity"
71-->[androidx.compose.ui:ui-test-manifest:1.7.0] AndroidManifest.xml:24:13-63
72            android:exported="true" />
72-->[androidx.compose.ui:ui-test-manifest:1.7.0] AndroidManifest.xml:25:13-36
73
74        <provider
74-->[androidx.emoji2:emoji2:1.3.0] AndroidManifest.xml:24:9-32:20
75            android:name="androidx.startup.InitializationProvider"
75-->[androidx.emoji2:emoji2:1.3.0] AndroidManifest.xml:25:13-67
76            android:authorities="com.example.fruitcam.androidx-startup"
76-->[androidx.emoji2:emoji2:1.3.0] AndroidManifest.xml:26:13-68
77            android:exported="false" >
77-->[androidx.emoji2:emoji2:1.3.0] AndroidManifest.xml:27:13-37
78            <meta-data
78-->[androidx.emoji2:emoji2:1.3.0] AndroidManifest.xml:29:13-31:52
79                android:name="androidx.emoji2.text.EmojiCompatInitializer"
79-->[androidx.emoji2:emoji2:1.3.0] AndroidManifest.xml:30:17-75
80                android:value="androidx.startup" />
80-->[androidx.emoji2:emoji2:1.3.0] AndroidManifest.xml:31:17-49
81            <meta-data
81-->[androidx.lifecycle:lifecycle-process:2.8.3] AndroidManifest.xml:29:13-31:52
82                android:name="androidx.lifecycle.ProcessLifecycleInitializer"
82-->[androidx.lifecycle:lifecycle-process:2.8.3] AndroidManifest.xml:30:17-78
83                android:value="androidx.startup" />
83-->[androidx.lifecycle:lifecycle-process:2.8.3] AndroidManifest.xml:31:17-49
84            <meta-data
84-->[androidx.profileinstaller:profileinstaller:1.3.1] AndroidManifest.xml:29:13-31:52
85                android:name="androidx.profileinstaller.ProfileInstallerInitializer"
85-->[androidx.profileinstaller:profileinstaller:1.3.1] AndroidManifest.xml:30:17-85
86                android:value="androidx.startup" />
86-->[androidx.profileinstaller:profileinstaller:1.3.1] AndroidManifest.xml:31:17-49
87        </provider>
88
89        <receiver
89-->[androidx.profileinstaller:profileinstaller:1.3.1] AndroidManifest.xml:34:9-52:20
90            android:name="androidx.profileinstaller.ProfileInstallReceiver"
90-->[androidx.profileinstaller:profileinstaller:1.3.1] AndroidManifest.xml:35:13-76
91            android:directBootAware="false"
91-->[androidx.profileinstaller:profileinstaller:1.3.1] AndroidManifest.xml:36:13-44
92            android:enabled="true"
92-->[androidx.profileinstaller:profileinstaller:1.3.1] AndroidManifest.xml:37:13-35
93            android:exported="true"
93-->[androidx.profileinstaller:profileinstaller:1.3.1] AndroidManifest.xml:38:13-36
94            android:permission="android.permission.DUMP" >
94-->[androidx.profileinstaller:profileinstaller:1.3.1] AndroidManifest.xml:39:13-57
95            <intent-filter>
95-->[androidx.profileinstaller:profileinstaller:1.3.1] AndroidManifest.xml:40:13-42:29
96                <action android:name="androidx.profileinstaller.action.INSTALL_PROFILE" />
96-->[androidx.profileinstaller:profileinstaller:1.3.1] AndroidManifest.xml:41:17-91
96-->[androidx.profileinstaller:profileinstaller:1.3.1] AndroidManifest.xml:41:25-88
97            </intent-filter>
98            <intent-filter>
98-->[androidx.profileinstaller:profileinstaller:1.3.1] AndroidManifest.xml:43:13-45:29
99                <action android:name="androidx.profileinstaller.action.SKIP_FILE" />
99-->[androidx.profileinstaller:profileinstaller:1.3.1] AndroidManifest.xml:44:17-85
99-->[androidx.profileinstaller:profileinstaller:1.3.1] AndroidManifest.xml:44:25-82
100            </intent-filter>
101            <intent-filter>
101-->[androidx.profileinstaller:profileinstaller:1.3.1] AndroidManifest.xml:46:13-48:29
102                <action android:name="androidx.profileinstaller.action.SAVE_PROFILE" />
102-->[androidx.profileinstaller:profileinstaller:1.3.1] AndroidManifest.xml:47:17-88
102-->[androidx.profileinstaller:profileinstaller:1.3.1] AndroidManifest.xml:47:25-85
103            </intent-filter>
104            <intent-filter>
104-->[androidx.profileinstaller:profileinstaller:1.3.1] AndroidManifest.xml:49:13-51:29
105                <action android:name="androidx.profileinstaller.action.BENCHMARK_OPERATION" />
105-->[androidx.profileinstaller:profileinstaller:1.3.1] AndroidManifest.xml:50:17-95
105-->[androidx.profileinstaller:profileinstaller:1.3.1] AndroidManifest.xml:50:25-92
106            </intent-filter>
107        </receiver>
108    </application>
109
110</manifest>